[www.sidetriptours.com/index.html]
[backblue.gif]
[fade.gif]
[index.html]
[www.sidetriptours.com/static/images/social/Sidetrip_frontpage_fbshare.3b46ecad5bcd.jpg]
[www.sidetriptours.com/static/images/logo/favicon_sidetrip_64px.46e753b58ed5.png]
[www.sidetriptours.com/static/images/stop_circle_bullet_8.6c1987d32444cb5b.svg]
[www.sidetriptours.com/static/images/border_img_dashed.94a976d33e85cb5b.svg]
[www.sidetriptours.com/static/images/stop_circle_bullet.a9ba7b59dbf2cb5b.svg]
[www.sidetriptours.com/static/js/uikit/uikit.min.040590d966ec.js]
[www.sidetriptours.com/static/js/uikit/uikit-icons.min.e22b31f1f87a.js]
[www.sidetriptours.com/static/images/logo/sidetrip_logo_color.8afc1502d1ea.svg]
[www.sidetriptours.com/static/images/frontpage/route_illustration_desktop.cf693de4a925.svg]
[www.sidetriptours.com/tour/munich-to-prague-sightseeing-transfer-tour/index.html]
[www.sidetriptours.com/static/images/frontpage/route_illustration_mobile.733bbad46aa9.svg]
[www.sidetriptours.com/cities/index.html]
[www.sidetriptours.com/tour/prague-to-berlin-sightseeing-transfer-tour/index.html]
[www.sidetriptours.com/static/images/card/tour_card_city_path.e79ff7f4a90a.svg]
[www.sidetriptours.com/tour/berlin-to-prague-sightseeing-transfer-tour/index.html]
[sidetrip-production-media.s3.amazonaws.com/CACHE/images/city_images/Dresden-Royal-Palace_shutterstock/5af57281fa7fdbd2c6800e99d51ae0b1.jpg]
[www.sidetriptours.com/tour/prague-to-budapest-sightseeing-transfer-tour/index.html]
[www.sidetriptours.com/tour/prague-to-munich-sightseeing-transfer-tour/index.html]
[www.sidetriptours.com/tour/prague-to-vienna-sightseeing-transfer-tour/index.html]
[sidetrip-production-media.s3.amazonaws.com/CACHE/images/city_images/Prague_Aerialview_Czech/2e2e0f8468468a40dd411184b8659a11.jpg]
[www.sidetriptours.com/city/dresden/index.html]
[www.sidetriptours.com/city/prague/index.html]
[sidetrip-production-media.s3.amazonaws.com/CACHE/images/city_images/Leipzig-Germany_shutterstock/cc00a5d5c519e161e4dcc8dc4b66f7d7.jpg]
[www.sidetriptours.com/city/leipzig/index.html]
[sidetrip-production-media.s3.amazonaws.com/CACHE/images/city_images/Nuremberg-Germany_shutterstock/16fa128bc680b3f3edfb19adbc520766.jpg]
[www.sidetriptours.com/city/nuremberg/index.html]
[sidetrip-production-media.s3.amazonaws.com/CACHE/images/city_images/ViennaAlteHofburg_horse_Austria/472cb07991c5460630c62afc5fb72582.jpg]
[www.sidetriptours.com/city/vienna/index.html]
[sidetrip-production-media.s3.amazonaws.com/CACHE/images/city_images/Saltzburg-Austria-01_shutterstock_1109032043/8e0bdb9706b371d753798ca068c3da7a.jpg]
[sidetrip-production-media.s3.amazonaws.com/CACHE/images/city_images/Bratislava_DronView_Slovakia_shutterstock/58064be2738859f64813f41190932174.jpg]
[www.sidetriptours.com/city/salzburg/index.html]
[www.sidetriptours.com/city/bratislava/index.html]
[sidetrip-production-media.s3.amazonaws.com/CACHE/images/city_images/BudapestParliamentBuildingHungary/506a1180a6e04773d8655b1eb3f6ffe6.jpg]
[www.sidetriptours.com/city/budapest/index.html]
[sidetrip-production-media.s3.amazonaws.com/CACHE/images/city_images/Munich_Skyline_Marienplatz_Germany_1476964067/7e9e83cda98cecad5a3ce2015a9a52c4.jpg]
[www.sidetriptours.com/city/munich/index.html]
[sidetrip-production-media.s3.amazonaws.com/CACHE/images/city_images/BerlinBrandenburgGateGermany/6bf9f52b5e1f0ee34b1c1c96a2518b43.jpg]
[www.sidetriptours.com/city/berlin/index.html]
[www.sidetriptours.com/static/images/footer/footer_left_path.f94defbca937.svg]
[www.sidetriptours.com/static/images/footer/footer_right_path.403b8698caab.svg]
[www.sidetriptours.com/static/images/logo/sidetrip_logo_white.d018e6701b86.svg]
[www.sidetriptours.com/static/vue/js/chunk-vendors-base.56fc0a15.js]
[www.sidetriptours.com/cancellation-policy/index.html]
[www.sidetriptours.com/privacy/index.html]
[www.sidetriptours.com/booking-terms/index.html]
[www.sidetriptours.com/static/vue/css/home_page.b07fec68.css]
[www.sidetriptours.com/index.html]
[googletagmanager.com/gtm5445.html]
[www.sidetriptours.com/static/vue/js/home_page.21b895e2.js]
[www.sidetriptours.com/static/images/stop_circle_bullet_8.6c1987d32444cb5b.svg]
[www.sidetriptours.com/static/images/border_img_dashed.svg]
[www.sidetriptours.com/static/images/border_img_dashed.94a976d33e85cb5b.svg]
[www.sidetriptours.com/static/images/stop_circle_bullet.a9ba7b59dbf2cb5b.svg]
[www.sidetriptours.com/static/images/logo/sidetrip_logo_color.8afc1502d1ea.svg]
[www.sidetriptours.com/cities/index.html]
[sidetrip-production-media.s3.amazonaws.com/tour_images/Moritzburg_Germany02.jpg]
[www.sidetriptours.com/static/vue/css/tour_detail.b9c3012c.css]
[sidetrip-production-media.s3.amazonaws.com/CACHE/images/tour_images/Moritzburg_Germany02/25976641bc6ba6e55d8f30edbc1d6f757a53.jpg]
[sidetrip-production-media.s3.amazonaws.com/CACHE/images/tour_images/Moritzburg_Germany02/d3666af67b19e7a8bf8dedf40bcc0aaa9868.jpg]
[sidetrip-production-media.s3.amazonaws.com/CACHE/images/place_images/MoritzburgCastle_Germany/21df584c360b100bc47211383f1490e1.jpg]
[sidetrip-production-media.s3.amazonaws.com/CACHE/images/place_images/Moritzburg_Germany02/1bcc0a5ac31cf9ee305b80b857ffa0fa.jpg]
[sidetrip-production-media.s3.amazonaws.com/CACHE/images/place_images/Dresden_woman_Germany/9321ab64e6a49e18761ac162975ebc37.jpg]
[sidetrip-production-media.s3.amazonaws.com/CACHE/images/place_images/IMG_1187/b2bc6966489531967e0c7aa0652ef5fc.jpg]
[sidetrip-production-media.s3.amazonaws.com/CACHE/images/place_images/SaxonSwitzerlandNPBasteiBridgeGermany_2/2a66f41d05e773066aa6ca2d3f6462a3.jpg]
[sidetrip-production-media.s3.amazonaws.com/CACHE/images/place_images/IMG_1811/e44b89aeb32edcc16eeb3fdc9f972ae4.jpg]
[sidetrip-production-media.s3.amazonaws.com/tour_images/Moritzburg_Palace_ViewOverLake_Germany_P.jpg]
[www.sidetriptours.com/tour/budapest-to-prague-sightseeing-transfer-tour/index.html]
[www.sidetriptours.com/tour/bratislava-to-prague-sightseeing-transfer-tour/index.html]
[sidetrip-production-media.s3.amazonaws.com/tour_images/Dresden_woman_Germany_P.jpg]
[sidetrip-production-media.s3.amazonaws.com/tour_images/MoritzburgCastle_Couple_Germany_P.jpg]
[sidetrip-production-media.s3.amazonaws.com/tour_images/Elbe_Viewplatform_Germany_P.jpg]
[sidetrip-production-media.s3.amazonaws.com/tour_images/Dresden_OldTown_Group02_Germany.jpg]
[sidetrip-production-media.s3.amazonaws.com/tour_images/Elbe_Sandstone_Couple_Germany.jpg]
[sidetrip-production-media.s3.amazonaws.com/tour_images/Elbe_Sandstone_BasteiBridgeGermany.jpg]
[www.sidetriptours.com/static/vue/js/chunk-vcalendar.cb7adc25.js]
[www.sidetriptours.com/tour/berlin-to-prague-sightseeing-transfer-tour/index.html]
[www.sidetriptours.com/static/vue/js/tour_detail.0b25a849.js]
[sidetrip-production-media.s3.amazonaws.com/tour_images/Regensburg02_Germany_small.jpg]
[sidetrip-production-media.s3.amazonaws.com/CACHE/images/tour_images/Regensburg02_Germany_small/cd9a6c523aec3ea73696c9780c6ac3d77a53.jpg]
[sidetrip-production-media.s3.amazonaws.com/CACHE/images/tour_images/Regensburg02_Germany_small/34853712ddbbd4c987be15732be931489868.jpg]
[sidetrip-production-media.s3.amazonaws.com/CACHE/images/place_images/RegensburgGermany/12e28a95e584892efbe28cb191b96b46.jpg]
[sidetrip-production-media.s3.amazonaws.com/CACHE/images/place_images/PilsenOldTown_Czech_small/70b7000bcac0749987aaaa6a22084214.jpg]
[sidetrip-production-media.s3.amazonaws.com/CACHE/images/place_images/PilsenCathedral_Czech_small/eb20365c5d91703f042005c26b1b47c4.jpg]
[sidetrip-production-media.s3.amazonaws.com/CACHE/images/place_images/Karlstejn_Castle_Czech/938c7a39918935541dd32cac1e6a3c08.jpg]
[sidetrip-production-media.s3.amazonaws.com/CACHE/images/place_images/IMG_5007/b5d1513d6f0fadb1e13503e70bf8dc20.jpg]
[sidetrip-production-media.s3.amazonaws.com/tour_images/PilsenOldTown_Czech_P.jpg]
[sidetrip-production-media.s3.amazonaws.com/tour_images/Bohemian_Countryside_Czech_P.jpg]
[sidetrip-production-media.s3.amazonaws.com/tour_images/Regensburg_Marii_Germany.jpg]
[sidetrip-production-media.s3.amazonaws.com/tour_images/Karlstejn_Castle_Czech_Girls_P.jpg]
[sidetrip-production-media.s3.amazonaws.com/tour_images/Regensburg_OldTown_Street_Germany.jpg]
[sidetrip-production-media.s3.amazonaws.com/tour_images/Bohemian_Countryside01_Czech_small.jpg]
[sidetrip-production-media.s3.amazonaws.com/tour_images/Pilsen_Girls_Beer_Czech.jpg]
[sidetrip-production-media.s3.amazonaws.com/tour_images/PilsenOldTownHouses_Czech_small.jpg]
[sidetrip-production-media.s3.amazonaws.com/tour_images/Karlstejn_Castle_Czech_Boys.jpg]
[sidetrip-production-media.s3.amazonaws.com/tour_images/Karlstejn_Castle_Czech.jpg]
[www.sidetriptours.com/tour/munich-to-prague-sightseeing-transfer-tour/index.html]
[sidetrip-production-media.s3.amazonaws.com/tour_images/Saxon_Countryside_Germany_small.jpg]
[sidetrip-production-media.s3.amazonaws.com/CACHE/images/tour_images/Elbe_Sandstone_Couple_Germany/0e970f1c1c7d2ed4276168fe32cdf7007a53.jpg]
[sidetrip-production-media.s3.amazonaws.com/CACHE/images/tour_images/Elbe_Sandstone_Couple_Germany/2ad5272a5fd88d56e821a6ab093872799868.jpg]
[sidetrip-production-media.s3.amazonaws.com/tour_images/IMG_1697.jpg]
[www.sidetriptours.com/tour/prague-to-bratislava-sightseeing-transfer-tour/index.html]
[sidetrip-production-media.s3.amazonaws.com/tour_images/Saxon_Countryside02_Germany_small.jpg]
[sidetrip-production-media.s3.amazonaws.com/tour_images/Dresden-Royal-Palace02_shutterstock.jpg]
[www.sidetriptours.com/tour/prague-to-berlin-sightseeing-transfer-tour/index.html]
[www.sidetriptours.com/static/images/frontpage/route_illustration_desktop.cf693de4a925.svg]
[www.sidetriptours.com/static/images/frontpage/route_illustration_mobile.733bbad46aa9.svg]
[www.sidetriptours.com/static/images/card/tour_card_city_path.e79ff7f4a90a.svg]
[www.sidetriptours.com/static/images/card/tour_card_city_path.svg]
[sidetrip-production-media.s3.amazonaws.com/place_images/IMG_3055.jpg]
[sidetrip-production-media.s3.amazonaws.com/CACHE/images/place_images/IMG_3055/020ad2d2c91c2b42c19de58457e2ec8a7a53.jpg]
[sidetrip-production-media.s3.amazonaws.com/CACHE/images/place_images/IMG_3055/f968cb545bf5af83624fdf124c2e62ee9868.jpg]
[sidetrip-production-media.s3.amazonaws.com/CACHE/images/place_images/IMG_3055/6f6ad0edf9c77c03fbf85d72849b3dfa.jpg]
[sidetrip-production-media.s3.amazonaws.com/CACHE/images/place_images/Lednice_Palace_Czech_small/bdb8f293e534b0b3ce43f0fb4c9ede7c.jpg]
[sidetrip-production-media.s3.amazonaws.com/CACHE/images/place_images/Bratislava-cropped/3c5c07d1caddb084b082149732a71010.jpg]
[sidetrip-production-media.s3.amazonaws.com/CACHE/images/place_images/AdobeStock_384628759/4389450eb4d343266f5a53e149982179.jpg]
[sidetrip-production-media.s3.amazonaws.com/CACHE/images/place_images/AdobeStock_437404560/7318ae02bf8198009901f30c0f87fbb4.jpg]
[sidetrip-production-media.s3.amazonaws.com/CACHE/images/place_images/GyorTownHallHungary_cropped/e20735462c8f7a3e51d49c7f2ad584d8.jpg]
[sidetrip-production-media.s3.amazonaws.com/place_images/Lednice_Palace_Czech_small.jpg]
[www.sidetriptours.com/tour/bratislava-to-budapest-sightseeing-transfer-tour/index.html]
[sidetrip-production-media.s3.amazonaws.com/place_images/Lednice-Palace_Czech.jpg]
[sidetrip-production-media.s3.amazonaws.com/place_images/Bratislava-cropped.jpg]
[sidetrip-production-media.s3.amazonaws.com/place_images/AdobeStock_384628759.jpg]
[sidetrip-production-media.s3.amazonaws.com/place_images/AdobeStock_437404560.jpg]
[sidetrip-production-media.s3.amazonaws.com/place_images/GyorTownHallHungary_cropped.jpg]
[www.sidetriptours.com/tour/prague-to-budapest-sightseeing-transfer-tour/index.html]
[sidetrip-production-media.s3.amazonaws.com/CACHE/images/tour_images/Karlstejn_Castle_Czech_Boys/9eb8defd1fe9992ebab48ad02a873e1f7a53.jpg]
[sidetrip-production-media.s3.amazonaws.com/CACHE/images/tour_images/Karlstejn_Castle_Czech_Boys/f15eb854dcdad7adc8ea108eb13139a89868.jpg]
[sidetrip-production-media.s3.amazonaws.com/tour_images/Regensburg02_Germany_P.jpg]
[www.sidetriptours.com/tour/prague-to-munich-sightseeing-transfer-tour/index.html]
[sidetrip-production-media.s3.amazonaws.com/place_images/KutnaHoraStBarbaraCzech.jpg]
[sidetrip-production-media.s3.amazonaws.com/CACHE/images/place_images/KutnaHoraStBarbaraCzech/9cfbedaaa603221c1b62a8ddc0dfeb817a53.jpg]
[sidetrip-production-media.s3.amazonaws.com/CACHE/images/place_images/KutnaHoraStBarbaraCzech/60f80589dfe6f81272cf18f0a706ceaa9868.jpg]
[sidetrip-production-media.s3.amazonaws.com/CACHE/images/place_images/KutnaHoraStBarbaraCzech/464bcf3a9b14e224398858c9c82162eb.jpg]
[www.sidetriptours.com/tour/vienna-to-prague-sightseeing-transfer-tour/index.html]
[sidetrip-production-media.s3.amazonaws.com/CACHE/images/place_images/KutnaHora4Czech/b85844147729f07eebfe611724fb9c7c.jpg]
[sidetrip-production-media.s3.amazonaws.com/CACHE/images/place_images/Brno_OldTown_Czech_small/df25496f16bbab113bd99f1ad418762b.jpg]
[sidetrip-production-media.s3.amazonaws.com/CACHE/images/place_images/IMG_2550/1d0c196b004892b858f0fabb384241b9.jpg]
[sidetrip-production-media.s3.amazonaws.com/CACHE/images/place_images/MoraviaWineyards_VelkePavlovice_Czech/212b62e84da2b43166ca7165b7b8fc8e.jpg]
[sidetrip-production-media.s3.amazonaws.com/CACHE/images/place_images/IMG_2583/3c7dca9532a261b4eae708b8bba44893.jpg]
[www.sidetriptours.com/static/images/tour/city_path.ef89ee23e35f.svg]
[sidetrip-production-media.s3.amazonaws.com/place_images/KutnaHora4Czech.jpg]
[www.sidetriptours.com/tour/prague-to-vienna-via-cesky-krumlov-sightseeing-transfer-tour/index.html]
[sidetrip-production-media.s3.amazonaws.com/place_images/Brno_OldTown_Czech_small.jpg]
[sidetrip-production-media.s3.amazonaws.com/place_images/IMG_2550.jpg]
[sidetrip-production-media.s3.amazonaws.com/place_images/MoraviaWineyards_VelkePavlovice_Czech.jpg]
[sidetrip-production-media.s3.amazonaws.com/place_images/IMG_2583.jpg]
[www.sidetriptours.com/tour/prague-to-vienna-sightseeing-transfer-tour/index.html]
[www.sidetriptours.com/city/dresden/index.html]
[www.sidetriptours.com/city/prague/index.html]
[www.sidetriptours.com/tour/dresden-to-prague-sightseeing-transfer-tour/index.html]
[www.sidetriptours.com/tour/prague-to-dresden-sightseeing-transfer-tour/index.html]
[www.sidetriptours.com/tour/leipzig-to-prague-sightseeing-transfer-tour/index.html]
[www.sidetriptours.com/city/leipzig/index.html]
[www.sidetriptours.com/tour/nuremberg-to-prague-sightseeing-transfer-tour/index.html]
[www.sidetriptours.com/tour/prague-to-leipzig-sightseeing-transfer-tour/index.html]
[www.sidetriptours.com/city/nuremberg/index.html]
[www.sidetriptours.com/tour/prague-to-nuremberg-sightseeing-transfer-tour/index.html]
[www.sidetriptours.com/city/vienna/index.html]
[www.sidetriptours.com/tour/prague-to-salzburg-sightseeing-transfer-tour/index.html]
[www.sidetriptours.com/tour/salzburg-to-prague-sightseeing-transfer-tour/index.html]
[www.sidetriptours.com/city/salzburg/index.html]
[www.sidetriptours.com/city/bratislava/index.html]
[www.sidetriptours.com/tour/vienna-to-prague-via-cesky-krumlov-sightseeing-transfer-tour/index.html]
[www.sidetriptours.com/city/budapest/index.html]
[www.sidetriptours.com/city/munich/index.html]
[www.sidetriptours.com/city/berlin/index.html]
[www.sidetriptours.com/static/images/footer/footer_left_path.f94defbca937.svg]
[www.sidetriptours.com/static/images/footer/footer_right_path.403b8698caab.svg]
[www.sidetriptours.com/static/images/logo/sidetrip_logo_white.d018e6701b86.svg]
[www.sidetriptours.com/privacy/index.html]
[www.sidetriptours.com/booking-terms/index.html]
[www.sidetriptours.com/cancellation-policy/index.html]
[www.sidetriptours.com/static/vue/css/home_page.b07fec68.css]
[www.sidetriptours.com/static/images/border_img_dashed.svg]
[www.sidetriptours.com/static/vue/css/tour_detail.b9c3012c.css]
[www.sidetriptours.com/tour/budapest-to-vienna-sightseeing-transfer-tour/index.html]
[www.sidetriptours.com/tour/vienna-to-budapest-sightseeing-transfer-tour/index.html]
[www.sidetriptours.com/tour/budapest-to-bratislava-sightseeing-transfer-tour/index.html]
[sidetrip-production-media.s3.amazonaws.com/CACHE/images/place_images/Znojomo/62b2e0f4b121b3446ef69743215266ea.jpg]
[sidetrip-production-media.s3.amazonaws.com/CACHE/images/place_images/Znojomo02/2d1e717e7bb5a5db972ef8f669d6dfbe.jpg]
[sidetrip-production-media.s3.amazonaws.com/CACHE/images/place_images/IMG_3730/6a3c86abb10525cb6246b9b41dc85e8a.jpg]
[sidetrip-production-media.s3.amazonaws.com/CACHE/images/place_images/TelcStMargaretStatueCzech/99e51c2c9a3990d39d55de33fa2ca135.jpg]
[sidetrip-production-media.s3.amazonaws.com/place_images/Znojomo.jpg]
[sidetrip-production-media.s3.amazonaws.com/place_images/Znojomo02.jpg]
[sidetrip-production-media.s3.amazonaws.com/place_images/ZnojmoStNicholas2Czech.jpg]
[sidetrip-production-media.s3.amazonaws.com/place_images/IMG_3730.jpg]
[sidetrip-production-media.s3.amazonaws.com/place_images/TelcStMargaretStatueCzech.jpg]
[www.sidetriptours.com/tour/bratislava-to-prague-sightseeing-transfer-tour/index.html]
[sidetrip-production-media.s3.amazonaws.com/CACHE/images/place_images/AdobeStock_437404560/6ed41dd5395d5db2a9c342f376440a867a53.jpg]
[sidetrip-production-media.s3.amazonaws.com/CACHE/images/place_images/AdobeStock_437404560/32da4dcad47c41376107135334031f109868.jpg]
[www.sidetriptours.com/tour/budapest-to-prague-sightseeing-transfer-tour/index.html]
[www.sidetriptours.com/tour/prague-to-bratislava-sightseeing-transfer-tour/index.html]
[www.sidetriptours.com/static/images/card/tour_card_city_path.svg]
[sidetrip-production-media.s3.amazonaws.com/tour_images/jpeg_1y7z7CW.jpg]
[sidetrip-production-media.s3.amazonaws.com/CACHE/images/place_images/EsztergomBasilica01_Hungary/3e9111a129cd9aaa2942b97fe2a5dd44.jpg]
[sidetrip-production-media.s3.amazonaws.com/CACHE/images/place_images/EsztergomTown_Hungary/3ecb70390ad10f088951b8c8551d52ff.jpg]
[sidetrip-production-media.s3.amazonaws.com/CACHE/images/place_images/DanubeRiverNature_Hungary/95917c4ffd17bc702ce2d77d09ea060c.jpg]
[sidetrip-production-media.s3.amazonaws.com/CACHE/images/place_images/SzentendreTown04_Hungary/7b81283efdf1ac814e8446d69d30ea3b.jpg]
[sidetrip-production-media.s3.amazonaws.com/CACHE/images/place_images/SzentendreTown03_Hungary/b6e76653485735737c48a2e60dcf2b83.jpg]
[sidetrip-production-media.s3.amazonaws.com/place_images/EsztergomBasilica01_Hungary.jpg]
[sidetrip-production-media.s3.amazonaws.com/place_images/EsztergomTown_Hungary.jpg]
[sidetrip-production-media.s3.amazonaws.com/place_images/DanubeRiverNature_Hungary.jpg]
[sidetrip-production-media.s3.amazonaws.com/place_images/SzentendreTown04_Hungary.jpg]
[sidetrip-production-media.s3.amazonaws.com/place_images/SzentendreTown03_Hungary.jpg]
[www.sidetriptours.com/tour/bratislava-to-budapest-sightseeing-transfer-tour/index.html]
[www.sidetriptours.com/tour/vienna-to-prague-sightseeing-transfer-tour/index.html]
[www.sidetriptours.com/static/images/tour/city_path.ef89ee23e35f.svg]
[sidetrip-production-media.s3.amazonaws.com/tour_images/CeskyKrumlov_CityView_Czech.jpg]
[sidetrip-production-media.s3.amazonaws.com/CACHE/images/tour_images/CeskyKrumlov_CityView_Czech/0bf11fa936160b37fabb94ff093431067a53.jpg]
[sidetrip-production-media.s3.amazonaws.com/CACHE/images/tour_images/CeskyKrumlov_CityView_Czech/c96c5081c5c121a272bce8a7699608f89868.jpg]
[sidetrip-production-media.s3.amazonaws.com/CACHE/images/place_images/Cesky_KrumlovStVitusCzech/395cec9bccdd756cdd348bc556fcc40c.jpg]
[sidetrip-production-media.s3.amazonaws.com/CACHE/images/place_images/CeskyKrumlov_WoodenBridge_Czech/d1e41ce73160ded121394302aa567a48.jpg]
[sidetrip-production-media.s3.amazonaws.com/tour_images/CeskyKrumlov_OldTown-houses_Czech.jpg]
[sidetrip-production-media.s3.amazonaws.com/tour_images/Cesky_KrumlovRiversideCzech.jpg]
[sidetrip-production-media.s3.amazonaws.com/tour_images/CeskyKrumlov-OldTown-Woman_Czech.jpg]
[sidetrip-production-media.s3.amazonaws.com/tour_images/CeskyKrumlov_WoodenBridge_Czech.jpg]
[sidetrip-production-media.s3.amazonaws.com/tour_images/CeskyKrumlov-Cathedral_Czech.jpg]
[www.sidetriptours.com/tour/prague-to-vienna-via-cesky-krumlov-sightseeing-transfer-tour/index.html]
[sidetrip-production-media.s3.amazonaws.com/place_images/MoritzburgCastle_Germany.jpg]
[sidetrip-production-media.s3.amazonaws.com/CACHE/images/place_images/MoritzburgCastle_Germany/7858978423c59cbecd69ae4df03539ec7a53.jpg]
[sidetrip-production-media.s3.amazonaws.com/CACHE/images/place_images/MoritzburgCastle_Germany/b8818aac72454ff742b11eafe1a349729868.jpg]
[sidetrip-production-media.s3.amazonaws.com/CACHE/images/place_images/Litomerice_village_Czech/6a893622ff57f19f9bf0964ddb06ee4e.jpg]
[sidetrip-production-media.s3.amazonaws.com/CACHE/images/place_images/Litomerice_town_Czech/56be8b46a2c1a969d550255dadf67b2b.jpg]
[sidetrip-production-media.s3.amazonaws.com/place_images/Moritzburg_Germany02.jpg]
[sidetrip-production-media.s3.amazonaws.com/place_images/SaxonSwitzerlandNPBasteiBridgeGermany_2.jpg]
[sidetrip-production-media.s3.amazonaws.com/place_images/IMG_1811.jpg]
[sidetrip-production-media.s3.amazonaws.com/place_images/Litomerice_village_Czech.jpg]
[sidetrip-production-media.s3.amazonaws.com/place_images/Litomerice_town_Czech.jpg]
[www.sidetriptours.com/tour/dresden-to-prague-sightseeing-transfer-tour/index.html]
[sidetrip-production-media.s3.amazonaws.com/CACHE/images/place_images/Litomerice_village_Czech/4aaaad80e7d8e0aed68011675764d9e57a53.jpg]
[sidetrip-production-media.s3.amazonaws.com/CACHE/images/place_images/Litomerice_village_Czech/297b8d9f0e1eabb7d26fe5e2c311ba3a9868.jpg]
[www.sidetriptours.com/tour/prague-to-dresden-sightseeing-transfer-tour/index.html]
[sidetrip-production-media.s3.amazonaws.com/place_images/Dresden_woman_Germany.jpg]
[sidetrip-production-media.s3.amazonaws.com/place_images/IMG_1187.jpg]
[www.sidetriptours.com/tour/leipzig-to-prague-sightseeing-transfer-tour/index.html]
[sidetrip-production-media.s3.amazonaws.com/place_images/RegensburgGermany.jpg]
[sidetrip-production-media.s3.amazonaws.com/CACHE/images/place_images/RegensburgGermany/76603c88b238bf12dc76fc7b8c37cd2f7a53.jpg]
[sidetrip-production-media.s3.amazonaws.com/CACHE/images/place_images/RegensburgGermany/afee3c71ac12e065ef755fa87ac3f8c69868.jpg]
[sidetrip-production-media.s3.amazonaws.com/place_images/PilsenOldTown_Czech_small.jpg]
[sidetrip-production-media.s3.amazonaws.com/place_images/PilsenCathedral_Czech_small.jpg]
[sidetrip-production-media.s3.amazonaws.com/place_images/Karlstejn_Castle_Czech.jpg]
[sidetrip-production-media.s3.amazonaws.com/place_images/IMG_5007.jpg]
[www.sidetriptours.com/tour/nuremberg-to-prague-sightseeing-transfer-tour/index.html]
[www.sidetriptours.com/tour/prague-to-leipzig-sightseeing-transfer-tour/index.html]
[sidetrip-production-media.s3.amazonaws.com/CACHE/images/place_images/Karlstejn_Castle_Czech/df52aa1a91f31d3319043d32b1b142127a53.jpg]
[sidetrip-production-media.s3.amazonaws.com/CACHE/images/place_images/Karlstejn_Castle_Czech/4f6683ef385d93adafda5b0e185a03569868.jpg]
[www.sidetriptours.com/tour/prague-to-nuremberg-sightseeing-transfer-tour/index.html]
[www.sidetriptours.com/tour/prague-to-salzburg-sightseeing-transfer-tour/index.html]
[sidetrip-production-media.s3.amazonaws.com/CACHE/images/tour_images/CeskyKrumlov_OldTown-houses_Czech/c984483d34f371b1a853d962fc9e94db7a53.jpg]
[sidetrip-production-media.s3.amazonaws.com/CACHE/images/tour_images/CeskyKrumlov_OldTown-houses_Czech/c980968eb7bfb70ef9ef0020ddd94aee9868.jpg]
[www.sidetriptours.com/tour/salzburg-to-prague-sightseeing-transfer-tour/index.html]
[www.sidetriptours.com/tour/vienna-to-prague-via-cesky-krumlov-sightseeing-transfer-tour/index.html]
[sidetrip-production-media.s3.amazonaws.com/place_images/TataCastle01_Hungary.jpg]
[sidetrip-production-media.s3.amazonaws.com/CACHE/images/place_images/TataCastle01_Hungary/b653c05854af01ac417c95a40c42e96b7a53.jpg]
[sidetrip-production-media.s3.amazonaws.com/CACHE/images/place_images/TataCastle01_Hungary/0ead52c7c847157250047332aaa30dd19868.jpg]
[sidetrip-production-media.s3.amazonaws.com/CACHE/images/place_images/TataCastle01_Hungary/e1d29c750f47f2c76cdf957fda70b36d.jpg]
[sidetrip-production-media.s3.amazonaws.com/CACHE/images/place_images/TataCastle02_Hungary/919a61dc8d9a5c78bdd30fe48f2f79dd.jpg]
[sidetrip-production-media.s3.amazonaws.com/CACHE/images/place_images/EszterhazyPalace01_Fertod_Hungary/b460d55a70045c49b74665f7a2b3d953.jpg]
[sidetrip-production-media.s3.amazonaws.com/CACHE/images/place_images/EszterhazyPalace02_Fertod_Hungary.jpg/2f1c763c2ecfa457ea7d6bdf9098adbf.jpg]
[sidetrip-production-media.s3.amazonaws.com/CACHE/images/place_images/SopronAerialView_Hungary/1e204a4e416de873a973c0851e84589b.jpg]
[sidetrip-production-media.s3.amazonaws.com/CACHE/images/place_images/SopronStreet02_Hungary/0109d1e47f6a55552461577d4187aa7a.jpg]
[sidetrip-production-media.s3.amazonaws.com/place_images/TataCastle02_Hungary.jpg]
[sidetrip-production-media.s3.amazonaws.com/place_images/EszterhazyPalace01_Fertod_Hungary.jpg]
[sidetrip-production-media.s3.amazonaws.com/place_images/EszterhazyPalace02_Fertod_Hungary.jpg.jpg]
[sidetrip-production-media.s3.amazonaws.com/place_images/SopronAerialView_Hungary.jpg]
[sidetrip-production-media.s3.amazonaws.com/place_images/SopronStreet02_Hungary.jpg]
[www.sidetriptours.com/tour/budapest-to-vienna-sightseeing-transfer-tour/index.html]
[sidetrip-production-media.s3.amazonaws.com/CACHE/images/place_images/SopronAerialView_Hungary/00046257e4e290ef05bc2cf9b66a84547a53.jpg]
[sidetrip-production-media.s3.amazonaws.com/CACHE/images/place_images/SopronAerialView_Hungary/d597fb06ac16d9d9e9b3659e483376a59868.jpg]
[www.sidetriptours.com/tour/vienna-to-budapest-sightseeing-transfer-tour/index.html]
[sidetrip-production-media.s3.amazonaws.com/CACHE/images/place_images/SzentendreTown04_Hungary/c2114dd9771bae9d6212cda0caf989517a53.jpg]
[sidetrip-production-media.s3.amazonaws.com/CACHE/images/place_images/SzentendreTown04_Hungary/faf815ee1bd053d9cf41c749ec3db2679868.jpg]
[www.sidetriptours.com/tour/budapest-to-bratislava-sightseeing-transfer-tour/index.html]
